<?xml version="1.0" encoding="UTF-8"?>
<testsuite name="com.epam.peshko.StringUtilTest" tests="1" skipped="0" failures="0" errors="0" timestamp="2021-11-23T05:17:21" hostname="DESKTOP-C53M4S9" time="0.014">
  <properties/>
  <testcase name="isPositiveNumber2()" classname="com.epam.peshko.StringUtilTest" time="0.014"/>
  <system-out><![CDATA[]]></system-out>
  <system-err><![CDATA[]]></system-err>
</testsuite>
