<?xml version="1.0" encoding="UTF-8"?>
<testsuite name="com.epam.core.UtilsTest" tests="4" skipped="0" failures="0" errors="0" timestamp="2021-11-23T05:57:58" hostname="DESKTOP-C53M4S9" time="0.015">
  <properties/>
  <testcase name="isAllPositive()" classname="com.epam.core.UtilsTest" time="0.012"/>
  <testcase name="isAllPositive1()" classname="com.epam.core.UtilsTest" time="0.001"/>
  <testcase name="isAllPositive2()" classname="com.epam.core.UtilsTest" time="0.001"/>
  <testcase name="isAllPositive4()" classname="com.epam.core.UtilsTest" time="0.001"/>
  <system-out><![CDATA[]]></system-out>
  <system-err><![CDATA[]]></system-err>
</testsuite>
